#! /c/Source/iverilog-install/bin/vvp
:ivl_version "12.0 (devel)" "(s20150603-1539-g2693dd32b)";
:ivl_delay_selection "TYPICAL";
:vpi_time_precision - 12;
:vpi_module "C:\iverilog\lib\ivl\system.vpi";
:vpi_module "C:\iverilog\lib\ivl\vhdl_sys.vpi";
:vpi_module "C:\iverilog\lib\ivl\vhdl_textio.vpi";
:vpi_module "C:\iverilog\lib\ivl\v2005_math.vpi";
:vpi_module "C:\iverilog\lib\ivl\va_math.vpi";
S_00000185d2688fd0 .scope module, "testbench" "testbench" 2 3;
 .timescale -12 -12;
v00000185d2758710_0 .var "FCW", 31 0;
v00000185d27578b0_0 .var "clk", 0 0;
v00000185d275b470_0 .net/s "cos_out", 19 0, v00000185d26ddb70_0;  1 drivers
v00000185d275b970_0 .var "mode", 1 0;
v00000185d275bc90_0 .var/i "out_file", 31 0;
v00000185d275bb50_0 .var "rst", 0 0;
v00000185d275be70_0 .net/s "sin_out", 19 0, v00000185d273ce10_0;  1 drivers
S_00000185d2689160 .scope module, "uut" "top" 2 13, 3 1 0, S_00000185d2688fd0;
 .timescale 0 0;
    .port_info 0 /INPUT 1 "clk";
    .port_info 1 /INPUT 1 "rst";
    .port_info 2 /INPUT 32 "FCW";
    .port_info 3 /INPUT 2 "mode";
    .port_info 4 /OUTPUT 20 "sin_out";
    .port_info 5 /OUTPUT 20 "cos_out";
v00000185d2758170_0 .net "FCW", 31 0, v00000185d2758710_0;  1 drivers
v00000185d27585d0_0 .net "L", 3 0, v00000185d273d810_0;  1 drivers
v00000185d2757270_0 .net "LM", 0 0, v00000185d273e2b0_0;  1 drivers
v00000185d2758030_0 .net "R", 3 0, v00000185d273e490_0;  1 drivers
v00000185d27580d0_0 .net "clk", 0 0, v00000185d27578b0_0;  1 drivers
v00000185d2757d10_0 .net/s "cos_out", 19 0, v00000185d26ddb70_0;  alias, 1 drivers
v00000185d27574f0_0 .net "en", 2 0, v00000185d273cf50_0;  1 drivers
v00000185d2757bd0_0 .net "lut_data", 63 0, v00000185d273d090_0;  1 drivers
v00000185d2757590_0 .net "mode", 1 0, v00000185d275b970_0;  1 drivers
v00000185d2757db0_0 .net "phase", 31 0, v00000185d273d270_0;  1 drivers
v00000185d2758210_0 .net "phi_lut", 5 0, L_00000185d275c7d0;  1 drivers
v00000185d2757630_0 .net "phi_r", 2 0, L_00000185d275b510;  1 drivers
v00000185d2757770_0 .net "phi_rot", 8 0, L_00000185d275c9b0;  1 drivers
v00000185d27582b0_0 .net "rst", 0 0, v00000185d275bb50_0;  1 drivers
v00000185d2758670_0 .net/s "sin_out", 19 0, v00000185d273ce10_0;  alias, 1 drivers
v00000185d2758490_0 .net/s "xs", 19 0, v00000185d2757ef0_0;  1 drivers
v00000185d2757810_0 .net/s "ys", 19 0, v00000185d2758850_0;  1 drivers
S_00000185d26bdf20 .scope module, "AT_inst" "AT_block" 3 87, 4 1 0, S_00000185d2689160;
 .timescale -12 -12;
    .port_info 0 /INPUT 3 "phi_r";
    .port_info 1 /INPUT 20 "xs";
    .port_info 2 /INPUT 20 "ys";
    .port_info 3 /OUTPUT 20 "sin_out";
    .port_info 4 /OUTPUT 20 "cos_out";
v00000185d26ddb70_0 .var/s "cos_out", 19 0;
v00000185d273ca50_0 .net "phi_r", 2 0, L_00000185d275b510;  alias, 1 drivers
v00000185d273ce10_0 .var/s "sin_out", 19 0;
v00000185d273db30_0 .net/s "xs", 19 0, v00000185d2757ef0_0;  alias, 1 drivers
v00000185d273e530_0 .net "xs_shifted", 18 0, L_00000185d275b650;  1 drivers
v00000185d273caf0_0 .net/s "ys", 19 0, v00000185d2758850_0;  alias, 1 drivers
v00000185d273d770_0 .net "ys_shifted", 18 0, L_00000185d275c550;  1 drivers
E_00000185d26ec0c0 .event anyedge, v00000185d273ca50_0, v00000185d273d770_0, v00000185d273e530_0;
L_00000185d275b650 .part v00000185d2757ef0_0, 1, 19;
L_00000185d275c550 .part v00000185d2758850_0, 1, 19;
S_00000185d26be0b0 .scope function.vec4.s20, "make_signed" "make_signed" 4 12, 4 12 0, S_00000185d26bdf20;
 .timescale -12 -12;
; Variable make_signed is vec4 return value of scope S_00000185d26be0b0
v00000185d26dd710_0 .var "sign", 0 0;
v00000185d26dd7b0_0 .var "val", 18 0;
TD_testbench.uut.AT_inst.make_signed ;
    %load/vec4 v00000185d26dd710_0;
    %load/vec4 v00000185d26dd7b0_0;
    %concat/vec4; draw_concat_vec4
    %ret/vec4 0, 0, 20;  Assign to make_signed (store_vec4_to_lval)
    %end;
S_00000185d26c6a40 .scope module, "CONF_inst" "conf_block" 3 42, 5 1 0, S_00000185d2689160;
 .timescale -12 -12;
    .port_info 0 /INPUT 1 "clk";
    .port_info 1 /INPUT 1 "rst";
    .port_info 2 /INPUT 2 "mode";
    .port_info 3 /OUTPUT 1 "LM";
    .port_info 4 /OUTPUT 3 "en";
    .port_info 5 /OUTPUT 4 "L";
    .port_info 6 /OUTPUT 4 "R";
v00000185d273d810_0 .var "L", 3 0;
v00000185d273e2b0_0 .var "LM", 0 0;
v00000185d273dbd0_0 .var "LM_d0", 0 0;
v00000185d273dc70_0 .var "LM_d1", 0 0;
v00000185d273e5d0_0 .var "L_d0", 3 0;
v00000185d273cd70_0 .var "L_d1", 3 0;
v00000185d273e490_0 .var "R", 3 0;
v00000185d273ceb0_0 .var "R_d0", 3 0;
v00000185d273c9b0_0 .var "R_d1", 3 0;
v00000185d273e0d0_0 .net "clk", 0 0, v00000185d27578b0_0;  alias, 1 drivers
v00000185d273cf50_0 .var "en", 2 0;
v00000185d273d310_0 .var "en_d0", 2 0;
v00000185d273d3b0_0 .var "en_d1", 2 0;
v00000185d273d8b0_0 .net "mode", 1 0, v00000185d275b970_0;  alias, 1 drivers
v00000185d273e170_0 .var "new_L", 3 0;
v00000185d273e7b0_0 .var "new_LM", 0 0;
v00000185d273cb90_0 .var "new_R", 3 0;
v00000185d273def0_0 .var "new_en", 2 0;
v00000185d273cc30_0 .net "rst", 0 0, v00000185d275bb50_0;  alias, 1 drivers
E_00000185d26eb4c0 .event posedge, v00000185d273cc30_0, v00000185d273e0d0_0;
E_00000185d26eb7c0 .event anyedge, v00000185d273d8b0_0;
S_00000185d26c6bd0 .scope module, "LUT_inst" "LUT_ROM" 3 66, 6 1 0, S_00000185d2689160;
 .timescale -12 -12;
    .port_info 0 /INPUT 6 "phi_lut";
    .port_info 1 /INPUT 1 "LM";
    .port_info 2 /OUTPUT 64 "lut_data";
P_00000185d27565a0 .param/l "l" 0 6 3, +C4<00000000000000000000000000000110>;
P_00000185d27565d8 .param/l "n" 0 6 2, +C4<00000000000000000000000000010010>;
L_00000185d26fb160 .functor BUFZ 6, L_00000185d275c7d0, C4<000000>, C4<000000>, C4<000000>;
v00000185d273ccd0_0 .net "LM", 0 0, v00000185d273e2b0_0;  alias, 1 drivers
v00000185d273dd10 .array "ROM0", 15 0, 63 0;
v00000185d273df90 .array "ROM1", 63 0, 63 0;
v00000185d273cff0_0 .net "addr_lut0", 3 0, L_00000185d275b150;  1 drivers
v00000185d273d590_0 .net "addr_lut1", 5 0, L_00000185d26fb160;  1 drivers
v00000185d273d090_0 .var "data_out", 63 0;
v00000185d273ddb0_0 .net "lut_data", 63 0, v00000185d273d090_0;  alias, 1 drivers
v00000185d273d130_0 .net "phi_lut", 5 0, L_00000185d275c7d0;  alias, 1 drivers
v00000185d273dd10_0 .array/port v00000185d273dd10, 0;
v00000185d273dd10_1 .array/port v00000185d273dd10, 1;
E_00000185d26eb980/0 .event anyedge, v00000185d273e2b0_0, v00000185d273cff0_0, v00000185d273dd10_0, v00000185d273dd10_1;
v00000185d273dd10_2 .array/port v00000185d273dd10, 2;
v00000185d273dd10_3 .array/port v00000185d273dd10, 3;
v00000185d273dd10_4 .array/port v00000185d273dd10, 4;
v00000185d273dd10_5 .array/port v00000185d273dd10, 5;
E_00000185d26eb980/1 .event anyedge, v00000185d273dd10_2, v00000185d273dd10_3, v00000185d273dd10_4, v00000185d273dd10_5;
v00000185d273dd10_6 .array/port v00000185d273dd10, 6;
v00000185d273dd10_7 .array/port v00000185d273dd10, 7;
v00000185d273dd10_8 .array/port v00000185d273dd10, 8;
v00000185d273dd10_9 .array/port v00000185d273dd10, 9;
E_00000185d26eb980/2 .event anyedge, v00000185d273dd10_6, v00000185d273dd10_7, v00000185d273dd10_8, v00000185d273dd10_9;
v00000185d273dd10_10 .array/port v00000185d273dd10, 10;
v00000185d273dd10_11 .array/port v00000185d273dd10, 11;
v00000185d273dd10_12 .array/port v00000185d273dd10, 12;
v00000185d273dd10_13 .array/port v00000185d273dd10, 13;
E_00000185d26eb980/3 .event anyedge, v00000185d273dd10_10, v00000185d273dd10_11, v00000185d273dd10_12, v00000185d273dd10_13;
v00000185d273dd10_14 .array/port v00000185d273dd10, 14;
v00000185d273dd10_15 .array/port v00000185d273dd10, 15;
v00000185d273df90_0 .array/port v00000185d273df90, 0;
E_00000185d26eb980/4 .event anyedge, v00000185d273dd10_14, v00000185d273dd10_15, v00000185d273d590_0, v00000185d273df90_0;
v00000185d273df90_1 .array/port v00000185d273df90, 1;
v00000185d273df90_2 .array/port v00000185d273df90, 2;
v00000185d273df90_3 .array/port v00000185d273df90, 3;
v00000185d273df90_4 .array/port v00000185d273df90, 4;
E_00000185d26eb980/5 .event anyedge, v00000185d273df90_1, v00000185d273df90_2, v00000185d273df90_3, v00000185d273df90_4;
v00000185d273df90_5 .array/port v00000185d273df90, 5;
v00000185d273df90_6 .array/port v00000185d273df90, 6;
v00000185d273df90_7 .array/port v00000185d273df90, 7;
v00000185d273df90_8 .array/port v00000185d273df90, 8;
E_00000185d26eb980/6 .event anyedge, v00000185d273df90_5, v00000185d273df90_6, v00000185d273df90_7, v00000185d273df90_8;
v00000185d273df90_9 .array/port v00000185d273df90, 9;
v00000185d273df90_10 .array/port v00000185d273df90, 10;
v00000185d273df90_11 .array/port v00000185d273df90, 11;
v00000185d273df90_12 .array/port v00000185d273df90, 12;
E_00000185d26eb980/7 .event anyedge, v00000185d273df90_9, v00000185d273df90_10, v00000185d273df90_11, v00000185d273df90_12;
v00000185d273df90_13 .array/port v00000185d273df90, 13;
v00000185d273df90_14 .array/port v00000185d273df90, 14;
v00000185d273df90_15 .array/port v00000185d273df90, 15;
v00000185d273df90_16 .array/port v00000185d273df90, 16;
E_00000185d26eb980/8 .event anyedge, v00000185d273df90_13, v00000185d273df90_14, v00000185d273df90_15, v00000185d273df90_16;
v00000185d273df90_17 .array/port v00000185d273df90, 17;
v00000185d273df90_18 .array/port v00000185d273df90, 18;
v00000185d273df90_19 .array/port v00000185d273df90, 19;
v00000185d273df90_20 .array/port v00000185d273df90, 20;
E_00000185d26eb980/9 .event anyedge, v00000185d273df90_17, v00000185d273df90_18, v00000185d273df90_19, v00000185d273df90_20;
v00000185d273df90_21 .array/port v00000185d273df90, 21;
v00000185d273df90_22 .array/port v00000185d273df90, 22;
v00000185d273df90_23 .array/port v00000185d273df90, 23;
v00000185d273df90_24 .array/port v00000185d273df90, 24;
E_00000185d26eb980/10 .event anyedge, v00000185d273df90_21, v00000185d273df90_22, v00000185d273df90_23, v00000185d273df90_24;
v00000185d273df90_25 .array/port v00000185d273df90, 25;
v00000185d273df90_26 .array/port v00000185d273df90, 26;
v00000185d273df90_27 .array/port v00000185d273df90, 27;
v00000185d273df90_28 .array/port v00000185d273df90, 28;
E_00000185d26eb980/11 .event anyedge, v00000185d273df90_25, v00000185d273df90_26, v00000185d273df90_27, v00000185d273df90_28;
v00000185d273df90_29 .array/port v00000185d273df90, 29;
v00000185d273df90_30 .array/port v00000185d273df90, 30;
v00000185d273df90_31 .array/port v00000185d273df90, 31;
v00000185d273df90_32 .array/port v00000185d273df90, 32;
E_00000185d26eb980/12 .event anyedge, v00000185d273df90_29, v00000185d273df90_30, v00000185d273df90_31, v00000185d273df90_32;
v00000185d273df90_33 .array/port v00000185d273df90, 33;
v00000185d273df90_34 .array/port v00000185d273df90, 34;
v00000185d273df90_35 .array/port v00000185d273df90, 35;
v00000185d273df90_36 .array/port v00000185d273df90, 36;
E_00000185d26eb980/13 .event anyedge, v00000185d273df90_33, v00000185d273df90_34, v00000185d273df90_35, v00000185d273df90_36;
v00000185d273df90_37 .array/port v00000185d273df90, 37;
v00000185d273df90_38 .array/port v00000185d273df90, 38;
v00000185d273df90_39 .array/port v00000185d273df90, 39;
v00000185d273df90_40 .array/port v00000185d273df90, 40;
E_00000185d26eb980/14 .event anyedge, v00000185d273df90_37, v00000185d273df90_38, v00000185d273df90_39, v00000185d273df90_40;
v00000185d273df90_41 .array/port v00000185d273df90, 41;
v00000185d273df90_42 .array/port v00000185d273df90, 42;
v00000185d273df90_43 .array/port v00000185d273df90, 43;
v00000185d273df90_44 .array/port v00000185d273df90, 44;
E_00000185d26eb980/15 .event anyedge, v00000185d273df90_41, v00000185d273df90_42, v00000185d273df90_43, v00000185d273df90_44;
v00000185d273df90_45 .array/port v00000185d273df90, 45;
v00000185d273df90_46 .array/port v00000185d273df90, 46;
v00000185d273df90_47 .array/port v00000185d273df90, 47;
v00000185d273df90_48 .array/port v00000185d273df90, 48;
E_00000185d26eb980/16 .event anyedge, v00000185d273df90_45, v00000185d273df90_46, v00000185d273df90_47, v00000185d273df90_48;
v00000185d273df90_49 .array/port v00000185d273df90, 49;
v00000185d273df90_50 .array/port v00000185d273df90, 50;
v00000185d273df90_51 .array/port v00000185d273df90, 51;
v00000185d273df90_52 .array/port v00000185d273df90, 52;
E_00000185d26eb980/17 .event anyedge, v00000185d273df90_49, v00000185d273df90_50, v00000185d273df90_51, v00000185d273df90_52;
v00000185d273df90_53 .array/port v00000185d273df90, 53;
v00000185d273df90_54 .array/port v00000185d273df90, 54;
v00000185d273df90_55 .array/port v00000185d273df90, 55;
v00000185d273df90_56 .array/port v00000185d273df90, 56;
E_00000185d26eb980/18 .event anyedge, v00000185d273df90_53, v00000185d273df90_54, v00000185d273df90_55, v00000185d273df90_56;
v00000185d273df90_57 .array/port v00000185d273df90, 57;
v00000185d273df90_58 .array/port v00000185d273df90, 58;
v00000185d273df90_59 .array/port v00000185d273df90, 59;
v00000185d273df90_60 .array/port v00000185d273df90, 60;
E_00000185d26eb980/19 .event anyedge, v00000185d273df90_57, v00000185d273df90_58, v00000185d273df90_59, v00000185d273df90_60;
v00000185d273df90_61 .array/port v00000185d273df90, 61;
v00000185d273df90_62 .array/port v00000185d273df90, 62;
v00000185d273df90_63 .array/port v00000185d273df90, 63;
E_00000185d26eb980/20 .event anyedge, v00000185d273df90_61, v00000185d273df90_62, v00000185d273df90_63;
E_00000185d26eb980 .event/or E_00000185d26eb980/0, E_00000185d26eb980/1, E_00000185d26eb980/2, E_00000185d26eb980/3, E_00000185d26eb980/4, E_00000185d26eb980/5, E_00000185d26eb980/6, E_00000185d26eb980/7, E_00000185d26eb980/8, E_00000185d26eb980/9, E_00000185d26eb980/10, E_00000185d26eb980/11, E_00000185d26eb980/12, E_00000185d26eb980/13, E_00000185d26eb980/14, E_00000185d26eb980/15, E_00000185d26eb980/16, E_00000185d26eb980/17, E_00000185d26eb980/18, E_00000185d26eb980/19, E_00000185d26eb980/20;
L_00000185d275b150 .part L_00000185d275c7d0, 2, 4;
S_00000185d26cb9b0 .scope module, "PA_inst" "phase_accumulator_16bit_pipelined" 3 33, 7 1 0, S_00000185d2689160;
 .timescale -12 -12;
    .port_info 0 /INPUT 1 "clk";
    .port_info 1 /INPUT 1 "rst";
    .port_info 2 /INPUT 32 "FCW";
    .port_info 3 /OUTPUT 32 "phase";
v00000185d273d6d0_0 .net "FCW", 31 0, v00000185d2758710_0;  alias, 1 drivers
v00000185d273c910_0 .net "FCW_lower", 15 0, L_00000185d275bd30;  1 drivers
v00000185d273e710_0 .net "FCW_upper", 15 0, L_00000185d275ca50;  1 drivers
L_00000185d275d160 .functor BUFT 1, C4<0>, C4<0>, C4<0>, C4<0>;
v00000185d273d450_0 .net/2u *"_ivl_10", 0 0, L_00000185d275d160;  1 drivers
v00000185d273d950_0 .net *"_ivl_4", 15 0, L_00000185d275cff0;  1 drivers
v00000185d273e210_0 .net *"_ivl_6", 0 0, L_00000185d275bfb0;  1 drivers
L_00000185d275d118 .functor BUFT 1, C4<1>, C4<0>, C4<0>, C4<0>;
v00000185d273de50_0 .net/2u *"_ivl_8", 0 0, L_00000185d275d118;  1 drivers
v00000185d273d4f0_0 .net "carry", 0 0, L_00000185d275bbf0;  1 drivers
v00000185d273d1d0_0 .net "clk", 0 0, v00000185d27578b0_0;  alias, 1 drivers
v00000185d273d270_0 .var "phase", 31 0;
v00000185d273d630_0 .var "phase_lower", 15 0;
v00000185d273e350_0 .var "phase_upper", 15 0;
v00000185d273d9f0_0 .net "rst", 0 0, v00000185d275bb50_0;  alias, 1 drivers
L_00000185d275bd30 .part v00000185d2758710_0, 0, 16;
L_00000185d275ca50 .part v00000185d2758710_0, 16, 16;
L_00000185d275cff0 .arith/sum 16, v00000185d273d630_0, L_00000185d275bd30;
L_00000185d275bfb0 .cmp/gt 16, v00000185d273d630_0, L_00000185d275cff0;
L_00000185d275bbf0 .functor MUXZ 1, L_00000185d275d160, L_00000185d275d118, L_00000185d275bfb0, C4<>;
S_00000185d26a4490 .scope module, "PT_inst" "PT" 3 57, 8 1 0, S_00000185d2689160;
 .timescale -12 -12;
    .port_info 0 /INPUT 32 "PA_out";
    .port_info 1 /OUTPUT 3 "phi_r";
    .port_info 2 /OUTPUT 6 "phi_lut";
    .port_info 3 /OUTPUT 9 "phi_rot";
P_00000185d2756620 .param/l "l" 0 8 3, +C4<00000000000000000000000000000110>;
P_00000185d2756658 .param/l "n" 0 8 2, +C4<00000000000000000000000000010010>;
L_00000185d275d1a8 .functor BUFT 1, C4<0>, C4<0>, C4<0>, C4<0>;
L_00000185d26fb7f0 .functor XNOR 1, L_00000185d275b1f0, L_00000185d275d1a8, C4<0>, C4<0>;
L_00000185d26fb5c0 .functor NOT 15, L_00000185d275caf0, C4<000000000000000>, C4<000000000000000>, C4<000000000000000>;
v00000185d273da90_0 .net "PA_out", 31 0, v00000185d273d270_0;  alias, 1 drivers
v00000185d273e030_0 .net *"_ivl_10", 0 0, L_00000185d26fb7f0;  1 drivers
v00000185d273e3f0_0 .net *"_ivl_12", 14 0, L_00000185d26fb5c0;  1 drivers
v00000185d273e670_0 .net *"_ivl_7", 0 0, L_00000185d275b1f0;  1 drivers
v00000185d2757950_0 .net/2u *"_ivl_8", 0 0, L_00000185d275d1a8;  1 drivers
v00000185d27588f0_0 .net "phi", 17 0, L_00000185d275bdd0;  1 drivers
v00000185d2758fd0_0 .net "phi_lut", 5 0, L_00000185d275c7d0;  alias, 1 drivers
v00000185d27587b0_0 .net "phi_r", 2 0, L_00000185d275b510;  alias, 1 drivers
v00000185d2758990_0 .net "phi_rot", 8 0, L_00000185d275c9b0;  alias, 1 drivers
v00000185d27579f0_0 .net "phi_s_raw", 14 0, L_00000185d275caf0;  1 drivers
v00000185d2758a30_0 .net "phi_s_transformed", 14 0, L_00000185d275c910;  1 drivers
L_00000185d275bdd0 .part v00000185d273d270_0, 14, 18;
L_00000185d275b510 .part L_00000185d275bdd0, 15, 3;
L_00000185d275caf0 .part L_00000185d275bdd0, 0, 15;
L_00000185d275b1f0 .part L_00000185d275b510, 0, 1;
L_00000185d275c910 .functor MUXZ 15, L_00000185d26fb5c0, L_00000185d275caf0, L_00000185d26fb7f0, C4<>;
L_00000185d275c7d0 .part L_00000185d275c910, 9, 6;
L_00000185d275c9b0 .part L_00000185d275c910, 0, 9;
S_00000185d268dbe0 .scope module, "ROT_inst" "MBRT_ROT" 3 74, 9 1 0, S_00000185d2689160;
 .timescale -12 -12;
    .port_info 0 /INPUT 1 "clk";
    .port_info 1 /INPUT 1 "rst";
    .port_info 2 /INPUT 3 "en";
    .port_info 3 /INPUT 9 "phi_rot";
    .port_info 4 /INPUT 64 "lut_data";
    .port_info 5 /OUTPUT 20 "xs";
    .port_info 6 /OUTPUT 20 "ys";
L_00000185d275d238 .functor BUFT 1, C4<00000000>, C4<0>, C4<0>, C4<0>;
v00000185d2757130_0 .net/2u *"_ivl_12", 7 0, L_00000185d275d238;  1 drivers
L_00000185d275d1f0 .functor BUFT 1, C4<00000000>, C4<0>, C4<0>, C4<0>;
v00000185d2757a90_0 .net/2u *"_ivl_8", 7 0, L_00000185d275d1f0;  1 drivers
v00000185d2758ad0_0 .net "clk", 0 0, v00000185d27578b0_0;  alias, 1 drivers
v00000185d2758b70_0 .net "en", 2 0, v00000185d273cf50_0;  alias, 1 drivers
v00000185d2758cb0_0 .net/s "lut_data", 63 0, v00000185d273d090_0;  alias, 1 drivers
v00000185d2758350_0 .net/s "phi0", 2 0, L_00000185d275b5b0;  1 drivers
v00000185d2757b30_0 .net/s "phi1", 2 0, L_00000185d275b830;  1 drivers
v00000185d27576d0_0 .net/s "phi2", 2 0, L_00000185d275c690;  1 drivers
v00000185d2758530_0 .net "phi_rot", 8 0, L_00000185d275c9b0;  alias, 1 drivers
v00000185d2758df0_0 .net "rst", 0 0, v00000185d275bb50_0;  alias, 1 drivers
v00000185d27583f0_0 .var/s "stage1_x", 19 0;
v00000185d2757c70_0 .var/s "stage1_y", 19 0;
v00000185d2758d50_0 .var/s "stage2_x", 19 0;
v00000185d27573b0_0 .var/s "stage2_y", 19 0;
v00000185d2757e50_0 .var/s "stage3_x", 19 0;
v00000185d2758e90_0 .var/s "stage3_y", 19 0;
v00000185d2757310_0 .net/s "x0_ext", 19 0, L_00000185d275c230;  1 drivers
v00000185d2757450_0 .net/s "xc", 19 0, L_00000185d275c4b0;  1 drivers
v00000185d2758f30_0 .net/s "xp", 11 0, L_00000185d275b290;  1 drivers
v00000185d2757ef0_0 .var/s "xs", 19 0;
v00000185d2757f90_0 .net/s "y0_ext", 19 0, L_00000185d275ce10;  1 drivers
v00000185d27571d0_0 .net/s "yc", 19 0, L_00000185d275c370;  1 drivers
v00000185d2758c10_0 .net/s "yp", 11 0, L_00000185d275cb90;  1 drivers
v00000185d2758850_0 .var/s "ys", 19 0;
E_00000185d26ebd40 .event posedge, v00000185d273e0d0_0;
L_00000185d275c4b0 .part v00000185d273d090_0, 44, 20;
L_00000185d275c370 .part v00000185d273d090_0, 24, 20;
L_00000185d275b290 .part v00000185d273d090_0, 12, 12;
L_00000185d275cb90 .part v00000185d273d090_0, 0, 12;
L_00000185d275c230 .concat [ 12 8 0 0], L_00000185d275b290, L_00000185d275d1f0;
L_00000185d275ce10 .concat [ 12 8 0 0], L_00000185d275cb90, L_00000185d275d238;
L_00000185d275b5b0 .part L_00000185d275c9b0, 0, 3;
L_00000185d275b830 .part L_00000185d275c9b0, 3, 3;
L_00000185d275c690 .part L_00000185d275c9b0, 6, 3;
    .scope S_00000185d26cb9b0;
T_1 ;
    %wait E_00000185d26eb4c0;
    %load/vec4 v00000185d273d9f0_0;
    %flag_set/vec4 8;
    %jmp/0xz  T_1.0, 8;
    %pushi/vec4 0, 0, 16;
    %assign/vec4 v00000185d273d630_0, 0;
    %jmp T_1.1;
T_1.0 ;
    %load/vec4 v00000185d273d630_0;
    %load/vec4 v00000185d273c910_0;
    %add;
    %assign/vec4 v00000185d273d630_0, 0;
T_1.1 ;
    %jmp T_1;
    .thread T_1;
    .scope S_00000185d26cb9b0;
T_2 ;
    %wait E_00000185d26eb4c0;
    %load/vec4 v00000185d273d9f0_0;
    %flag_set/vec4 8;
    %jmp/0xz  T_2.0, 8;
    %pushi/vec4 0, 0, 16;
    %assign/vec4 v00000185d273e350_0, 0;
    %jmp T_2.1;
T_2.0 ;
    %load/vec4 v00000185d273e350_0;
    %load/vec4 v00000185d273e710_0;
    %add;
    %load/vec4 v00000185d273d4f0_0;
    %pad/u 16;
    %add;
    %assign/vec4 v00000185d273e350_0, 0;
T_2.1 ;
    %load/vec4 v00000185d273e350_0;
    %load/vec4 v00000185d273d630_0;
    %concat/vec4; draw_concat_vec4
    %assign/vec4 v00000185d273d270_0, 0;
    %jmp T_2;
    .thread T_2;
    .scope S_00000185d26c6a40;
T_3 ;
    %wait E_00000185d26eb7c0;
    %load/vec4 v00000185d273d8b0_0;
    %dup/vec4;
    %pushi/vec4 0, 0, 2;
    %cmp/u;
    %jmp/1 T_3.0, 6;
    %dup/vec4;
    %pushi/vec4 1, 0, 2;
    %cmp/u;
    %jmp/1 T_3.1, 6;
    %dup/vec4;
    %pushi/vec4 2, 0, 2;
    %cmp/u;
    %jmp/1 T_3.2, 6;
    %dup/vec4;
    %pushi/vec4 3, 0, 2;
    %cmp/u;
    %jmp/1 T_3.3, 6;
    %pushi/vec4 1, 0, 1;
    %store/vec4 v00000185d273e7b0_0, 0, 1;
    %pushi/vec4 0, 0, 3;
    %store/vec4 v00000185d273def0_0, 0, 3;
    %pushi/vec4 9, 0, 4;
    %store/vec4 v00000185d273e170_0, 0, 4;
    %pushi/vec4 0, 0, 4;
    %store/vec4 v00000185d273cb90_0, 0, 4;
    %jmp T_3.5;
T_3.0 ;
    %pushi/vec4 1, 0, 1;
    %store/vec4 v00000185d273e7b0_0, 0, 1;
    %pushi/vec4 0, 0, 3;
    %store/vec4 v00000185d273def0_0, 0, 3;
    %pushi/vec4 6, 0, 4;
    %store/vec4 v00000185d273e170_0, 0, 4;
    %pushi/vec4 9, 0, 4;
    %store/vec4 v00000185d273cb90_0, 0, 4;
    %jmp T_3.5;
T_3.1 ;
    %pushi/vec4 1, 0, 1;
    %store/vec4 v00000185d273e7b0_0, 0, 1;
    %pushi/vec4 1, 0, 3;
    %store/vec4 v00000185d273def0_0, 0, 3;
    %pushi/vec4 6, 0, 4;
    %store/vec4 v00000185d273e170_0, 0, 4;
    %pushi/vec4 9, 0, 4;
    %store/vec4 v00000185d273cb90_0, 0, 4;
    %jmp T_3.5;
T_3.2 ;
    %pushi/vec4 1, 0, 1;
    %store/vec4 v00000185d273e7b0_0, 0, 1;
    %pushi/vec4 3, 0, 3;
    %store/vec4 v00000185d273def0_0, 0, 3;
    %pushi/vec4 6, 0, 4;
    %store/vec4 v00000185d273e170_0, 0, 4;
    %pushi/vec4 9, 0, 4;
    %store/vec4 v00000185d273cb90_0, 0, 4;
    %jmp T_3.5;
T_3.3 ;
    %pushi/vec4 1, 0, 1;
    %store/vec4 v00000185d273e7b0_0, 0, 1;
    %pushi/vec4 7, 0, 3;
    %store/vec4 v00000185d273def0_0, 0, 3;
    %pushi/vec4 6, 0, 4;
    %store/vec4 v00000185d273e170_0, 0, 4;
    %pushi/vec4 9, 0, 4;
    %store/vec4 v00000185d273cb90_0, 0, 4;
    %jmp T_3.5;
T_3.5 ;
    %pop/vec4 1;
    %jmp T_3;
    .thread T_3, $push;
    .scope S_00000185d26c6a40;
T_4 ;
    %wait E_00000185d26eb4c0;
    %load/vec4 v00000185d273cc30_0;
    %flag_set/vec4 8;
    %jmp/0xz  T_4.0, 8;
    %pushi/vec4 0, 0, 1;
    %assign/vec4 v00000185d273e2b0_0, 0;
    %pushi/vec4 0, 0, 3;
    %assign/vec4 v00000185d273cf50_0, 0;
    %pushi/vec4 0, 0, 4;
    %assign/vec4 v00000185d273d810_0, 0;
    %pushi/vec4 0, 0, 4;
    %assign/vec4 v00000185d273e490_0, 0;
    %pushi/vec4 0, 0, 1;
    %assign/vec4 v00000185d273dbd0_0, 0;
    %pushi/vec4 0, 0, 1;
    %assign/vec4 v00000185d273dc70_0, 0;
    %pushi/vec4 0, 0, 3;
    %assign/vec4 v00000185d273d310_0, 0;
    %pushi/vec4 0, 0, 3;
    %assign/vec4 v00000185d273d3b0_0, 0;
    %pushi/vec4 0, 0, 4;
    %assign/vec4 v00000185d273e5d0_0, 0;
    %pushi/vec4 0, 0, 4;
    %assign/vec4 v00000185d273cd70_0, 0;
    %pushi/vec4 0, 0, 4;
    %assign/vec4 v00000185d273ceb0_0, 0;
    %pushi/vec4 0, 0, 4;
    %assign/vec4 v00000185d273c9b0_0, 0;
    %jmp T_4.1;
T_4.0 ;
    %load/vec4 v00000185d273e7b0_0;
    %assign/vec4 v00000185d273dbd0_0, 0;
    %load/vec4 v00000185d273def0_0;
    %assign/vec4 v00000185d273d310_0, 0;
    %load/vec4 v00000185d273e170_0;
    %assign/vec4 v00000185d273e5d0_0, 0;
    %load/vec4 v00000185d273cb90_0;
    %assign/vec4 v00000185d273ceb0_0, 0;
    %load/vec4 v00000185d273dbd0_0;
    %assign/vec4 v00000185d273dc70_0, 0;
    %load/vec4 v00000185d273d310_0;
    %assign/vec4 v00000185d273d3b0_0, 0;
    %load/vec4 v00000185d273e5d0_0;
    %assign/vec4 v00000185d273cd70_0, 0;
    %load/vec4 v00000185d273ceb0_0;
    %assign/vec4 v00000185d273c9b0_0, 0;
    %load/vec4 v00000185d273dc70_0;
    %assign/vec4 v00000185d273e2b0_0, 0;
    %load/vec4 v00000185d273d3b0_0;
    %assign/vec4 v00000185d273cf50_0, 0;
    %load/vec4 v00000185d273cd70_0;
    %assign/vec4 v00000185d273d810_0, 0;
    %load/vec4 v00000185d273c9b0_0;
    %assign/vec4 v00000185d273e490_0, 0;
T_4.1 ;
    %jmp T_4;
    .thread T_4;
    .scope S_00000185d26c6bd0;
T_5 ;
    %pushi/vec4 2147483648, 0, 32;
    %concati/vec4 6586368, 0, 32;
    %ix/load 4, 0, 0;
    %flag_set/imm 4, 0;
    %store/vec4a v00000185d273dd10, 4, 0;
    %pushi/vec4 4289077462, 0, 33;
    %concati/vec4 795107412, 0, 31;
    %ix/load 4, 1, 0;
    %flag_set/imm 4, 0;
    %store/vec4a v00000185d273dd10, 4, 0;
    %pushi/vec4 4271440300, 0, 33;
    %concati/vec4 325320872, 0, 31;
    %ix/load 4, 2, 0;
    %flag_set/imm 4, 0;
    %store/vec4a v00000185d273dd10, 4, 0;
    %pushi/vec4 4242088576, 0, 33;
    %concati/vec4 1633898748, 0, 31;
    %ix/load 4, 3, 0;
    %flag_set/imm 4, 0;
    %store/vec4a v00000185d273dd10, 4, 0;
    %pushi/vec4 4201112403, 0, 33;
    %concati/vec4 1315066190, 0, 31;
    %ix/load 4, 4, 0;
    %flag_set/imm 4, 0;
    %store/vec4a v00000185d273dd10, 4, 0;
    %pushi/vec4 4148618276, 0, 33;
    %concati/vec4 274801056, 0, 31;
    %ix/load 4, 5, 0;
    %flag_set/imm 4, 0;
    %store/vec4a v00000185d273dd10, 4, 0;
    %pushi/vec4 4084761841, 0, 33;
    %concati/vec4 1583325681, 0, 31;
    %ix/load 4, 6, 0;
    %flag_set/imm 4, 0;
    %store/vec4a v00000185d273dd10, 4, 0;
    %pushi/vec4 4009698747, 0, 33;
    %concati/vec4 1885200960, 0, 31;
    %ix/load 4, 7, 0;
    %flag_set/imm 4, 0;
    %store/vec4a v00000185d273dd10, 4, 0;
    %pushi/vec4 3923650177, 0, 33;
    %concati/vec4 2136724110, 0, 31;
    %ix/load 4, 8, 0;
    %flag_set/imm 4, 0;
    %store/vec4a v00000185d273dd10, 4, 0;
    %pushi/vec4 3826845507, 0, 33;
    %concati/vec4 1180275418, 0, 31;
    %ix/load 4, 9, 0;
    %flag_set/imm 4, 0;
    %store/vec4a v00000185d273dd10, 4, 0;
    %pushi/vec4 3719555072, 0, 33;
    %concati/vec4 5706532, 0, 31;
    %ix/load 4, 10, 0;
    %flag_set/imm 4, 0;
    %store/vec4a v00000185d273dd10, 4, 0;
    %pushi/vec4 3602065590, 0, 33;
    %concati/vec4 1817465708, 0, 31;
    %ix/load 4, 11, 0;
    %flag_set/imm 4, 0;
    %store/vec4a v00000185d273dd10, 4, 0;
    %pushi/vec4 3474704743, 0, 33;
    %concati/vec4 1230066609, 0, 31;
    %ix/load 4, 12, 0;
    %flag_set/imm 4, 0;
    %store/vec4a v00000185d273dd10, 4, 0;
    %pushi/vec4 3337816593, 0, 33;
    %concati/vec4 1498293236, 0, 31;
    %ix/load 4, 13, 0;
    %flag_set/imm 4, 0;
    %store/vec4a v00000185d273dd10, 4, 0;
    %pushi/vec4 3191786164, 0, 33;
    %concati/vec4 1632285748, 0, 31;
    %ix/load 4, 14, 0;
    %flag_set/imm 4, 0;
    %store/vec4a v00000185d273dd10, 4, 0;
    %pushi/vec4 3037006672, 0, 33;
    %concati/vec4 675746929, 0, 31;
    %ix/load 4, 15, 0;
    %flag_set/imm 4, 0;
    %store/vec4a v00000185d273dd10, 4, 0;
    %end;
    .thread T_5;
    .scope S_00000185d26c6bd0;
T_6 ;
    %pushi/vec4 2147483648, 0, 32;
    %concati/vec4 6586368, 0, 32;
    %ix/load 4, 0, 0;
    %flag_set/imm 4, 0;
    %store/vec4a v00000185d273df90, 4, 0;
    %pushi/vec4 4294631475, 0, 33;
    %concati/vec4 140804116, 0, 31;
    %ix/load 4, 1, 0;
    %flag_set/imm 4, 0;
    %store/vec4a v00000185d273df90, 4, 0;
    %pushi/vec4 4293632102, 0, 33;
    %concati/vec4 258244648, 0, 31;
    %ix/load 4, 2, 0;
    %flag_set/imm 4, 0;
    %store/vec4a v00000185d273df90, 4, 0;
    %pushi/vec4 4291960985, 0, 33;
    %concati/vec4 342126652, 0, 31;
    %ix/load 4, 3, 0;
    %flag_set/imm 4, 0;
    %store/vec4a v00000185d273df90, 4, 0;
    %pushi/vec4 4289626316, 0, 33;
    %concati/vec4 375677008, 0, 31;
    %ix/load 4, 4, 0;
    %flag_set/imm 4, 0;
    %store/vec4a v00000185d273df90, 4, 0;
    %pushi/vec4 4286628095, 0, 33;
    %concati/vec4 325341284, 0, 31;
    %ix/load 4, 5, 0;
    %flag_set/imm 4, 0;
    %store/vec4a v00000185d273df90, 4, 0;
    %pushi/vec4 4282958130, 0, 33;
    %concati/vec4 207896696, 0, 31;
    %ix/load 4, 6, 0;
    %flag_set/imm 4, 0;
    %store/vec4a v00000185d273df90, 4, 0;
    %pushi/vec4 4278624612, 0, 33;
    %concati/vec4 2137268364, 0, 31;
    %ix/load 4, 7, 0;
    %flag_set/imm 4, 0;
    %store/vec4a v00000185d273df90, 4, 0;
    %pushi/vec4 4273627543, 0, 33;
    %concati/vec4 1784942752, 0, 31;
    %ix/load 4, 8, 0;
    %flag_set/imm 4, 0;
    %store/vec4a v00000185d273df90, 4, 0;
    %pushi/vec4 4267958730, 0, 33;
    %concati/vec4 1315168436, 0, 31;
    %ix/load 4, 9, 0;
    %flag_set/imm 4, 0;
    %store/vec4a v00000185d273df90, 4, 0;
    %pushi/vec4 4261634557, 0, 33;
    %concati/vec4 677626056, 0, 31;
    %ix/load 4, 10, 0;
    %flag_set/imm 4, 0;
    %store/vec4a v00000185d273df90, 4, 0;
    %pushi/vec4 4254646831, 0, 33;
    %concati/vec4 2019791068, 0, 31;
    %ix/load 4, 11, 0;
    %flag_set/imm 4, 0;
    %store/vec4a v00000185d273df90, 4, 0;
    %pushi/vec4 4246995554, 0, 33;
    %concati/vec4 1029927152, 0, 31;
    %ix/load 4, 12, 0;
    %flag_set/imm 4, 0;
    %store/vec4a v00000185d273df90, 4, 0;
    %pushi/vec4 4238688916, 0, 33;
    %concati/vec4 1986212100, 0, 31;
    %ix/load 4, 13, 0;
    %flag_set/imm 4, 0;
    %store/vec4a v00000185d273df90, 4, 0;
    %pushi/vec4 4229718727, 0, 33;
    %concati/vec4 576913687, 0, 31;
    %ix/load 4, 14, 0;
    %flag_set/imm 4, 0;
    %store/vec4a v00000185d273df90, 4, 0;
    %pushi/vec4 4220093177, 0, 33;
    %concati/vec4 1063436587, 0, 31;
    %ix/load 4, 15, 0;
    %flag_set/imm 4, 0;
    %store/vec4a v00000185d273df90, 4, 0;
    %pushi/vec4 4209812267, 0, 33;
    %concati/vec4 1315082559, 0, 31;
    %ix/load 4, 16, 0;
    %flag_set/imm 4, 0;
    %store/vec4a v00000185d273df90, 4, 0;
    %pushi/vec4 4198875997, 0, 33;
    %concati/vec4 1281511762, 0, 31;
    %ix/load 4, 17, 0;
    %flag_set/imm 4, 0;
    %store/vec4a v00000185d273df90, 4, 0;
    %pushi/vec4 4187284367, 0, 33;
    %concati/vec4 962724198, 0, 31;
    %ix/load 4, 18, 0;
    %flag_set/imm 4, 0;
    %store/vec4a v00000185d273df90, 4, 0;
    %pushi/vec4 4175045569, 0, 33;
    %concati/vec4 341950841, 0, 31;
    %ix/load 4, 19, 0;
    %flag_set/imm 4, 0;
    %store/vec4a v00000185d273df90, 4, 0;
    %pushi/vec4 4162159602, 0, 33;
    %concati/vec4 1549889933, 0, 31;
    %ix/load 4, 20, 0;
    %flag_set/imm 4, 0;
    %store/vec4a v00000185d273df90, 4, 0;
    %pushi/vec4 4148618276, 0, 33;
    %concati/vec4 274801056, 0, 31;
    %ix/load 4, 21, 0;
    %flag_set/imm 4, 0;
    %store/vec4a v00000185d273df90, 4, 0;
    %pushi/vec4 4134437973, 0, 33;
    %concati/vec4 778092980, 0, 31;
    %ix/load 4, 22, 0;
    %flag_set/imm 4, 0;
    %store/vec4a v00000185d273df90, 4, 0;
    %pushi/vec4 4119618694, 0, 33;
    %concati/vec4 929067463, 0, 31;
    %ix/load 4, 23, 0;
    %flag_set/imm 4, 0;
    %store/vec4a v00000185d273df90, 4, 0;
    %pushi/vec4 4104152247, 0, 33;
    %concati/vec4 695013850, 0, 31;
    %ix/load 4, 24, 0;
    %flag_set/imm 4, 0;
    %store/vec4a v00000185d273df90, 4, 0;
    %pushi/vec4 4088055016, 0, 33;
    %concati/vec4 39825901, 0, 31;
    %ix/load 4, 25, 0;
    %flag_set/imm 4, 0;
    %store/vec4a v00000185d273df90, 4, 0;
    %pushi/vec4 4071318808, 0, 33;
    %concati/vec4 1130320384, 0, 31;
    %ix/load 4, 26, 0;
    %flag_set/imm 4, 0;
    %store/vec4a v00000185d273df90, 4, 0;
    %pushi/vec4 4053951816, 0, 33;
    %concati/vec4 1767825939, 0, 31;
    %ix/load 4, 27, 0;
    %flag_set/imm 4, 0;
    %store/vec4a v00000185d273df90, 4, 0;
    %pushi/vec4 4035954040, 0, 33;
    %concati/vec4 1969123878, 0, 31;
    %ix/load 4, 28, 0;
    %flag_set/imm 4, 0;
    %store/vec4a v00000185d273df90, 4, 0;
    %pushi/vec4 4017325480, 0, 33;
    %concati/vec4 1700663865, 0, 31;
    %ix/load 4, 29, 0;
    %flag_set/imm 4, 0;
    %store/vec4a v00000185d273df90, 4, 0;
    %pushi/vec4 3998074328, 0, 33;
    %concati/vec4 945656396, 0, 31;
    %ix/load 4, 30, 0;
    %flag_set/imm 4, 0;
    %store/vec4a v00000185d273df90, 4, 0;
    %pushi/vec4 3978200583, 0, 33;
    %concati/vec4 1834820190, 0, 31;
    %ix/load 4, 31, 0;
    %flag_set/imm 4, 0;
    %store/vec4a v00000185d273df90, 4, 0;
    %pushi/vec4 3957712439, 0, 33;
    %concati/vec4 73179761, 0, 31;
    %ix/load 4, 32, 0;
    %flag_set/imm 4, 0;
    %store/vec4a v00000185d273df90, 4, 0;
    %pushi/vec4 3936609893, 0, 33;
    %concati/vec4 2069635715, 0, 31;
    %ix/load 4, 33, 0;
    %flag_set/imm 4, 0;
    %store/vec4a v00000185d273df90, 4, 0;
    %pushi/vec4 3914892948, 0, 33;
    %concati/vec4 1364959894, 0, 31;
    %ix/load 4, 34, 0;
    %flag_set/imm 4, 0;
    %store/vec4a v00000185d273df90, 4, 0;
    %pushi/vec4 3892561603, 0, 33;
    %concati/vec4 106635944, 0, 31;
    %ix/load 4, 35, 0;
    %flag_set/imm 4, 0;
    %store/vec4a v00000185d273df90, 4, 0;
    %pushi/vec4 3869632241, 0, 33;
    %concati/vec4 408588986, 0, 31;
    %ix/load 4, 36, 0;
    %flag_set/imm 4, 0;
    %store/vec4a v00000185d273df90, 4, 0;
    %pushi/vec4 3846104863, 0, 33;
    %concati/vec4 123339468, 0, 31;
    %ix/load 4, 37, 0;
    %flag_set/imm 4, 0;
    %store/vec4a v00000185d273df90, 4, 0;
    %pushi/vec4 3821971276, 0, 33;
    %concati/vec4 1381593822, 0, 31;
    %ix/load 4, 38, 0;
    %flag_set/imm 4, 0;
    %store/vec4a v00000185d273df90, 4, 0;
    %pushi/vec4 3797247865, 0, 33;
    %concati/vec4 2002313968, 0, 31;
    %ix/load 4, 39, 0;
    %flag_set/imm 4, 0;
    %store/vec4a v00000185d273df90, 4, 0;
    %pushi/vec4 3771934630, 0, 33;
    %concati/vec4 2002277121, 0, 31;
    %ix/load 4, 40, 0;
    %flag_set/imm 4, 0;
    %store/vec4a v00000185d273df90, 4, 0;
    %pushi/vec4 3746031571, 0, 33;
    %concati/vec4 1331147539, 0, 31;
    %ix/load 4, 41, 0;
    %flag_set/imm 4, 0;
    %store/vec4a v00000185d273df90, 4, 0;
    %pushi/vec4 3719555072, 0, 33;
    %concati/vec4 5706532, 0, 31;
    %ix/load 4, 42, 0;
    %flag_set/imm 4, 0;
    %store/vec4a v00000185d273df90, 4, 0;
    %pushi/vec4 3692488748, 0, 33;
    %concati/vec4 139883318, 0, 31;
    %ix/load 4, 43, 0;
    %flag_set/imm 4, 0;
    %store/vec4a v00000185d273df90, 4, 0;
    %pushi/vec4 3664857175, 0, 33;
    %concati/vec4 1716900679, 0, 31;
    %ix/load 4, 44, 0;
    %flag_set/imm 4, 0;
    %store/vec4a v00000185d273df90, 4, 0;
    %pushi/vec4 3636652163, 0, 33;
    %concati/vec4 441787224, 0, 31;
    %ix/load 4, 45, 0;
    %flag_set/imm 4, 0;
    %store/vec4a v00000185d273df90, 4, 0;
    %pushi/vec4 3607890094, 0, 33;
    %concati/vec4 575959913, 0, 31;
    %ix/load 4, 46, 0;
    %flag_set/imm 4, 0;
    %store/vec4a v00000185d273df90, 4, 0;
    %pushi/vec4 3578554584, 0, 33;
    %concati/vec4 2136195961, 0, 31;
    %ix/load 4, 47, 0;
    %flag_set/imm 4, 0;
    %store/vec4a v00000185d273df90, 4, 0;
    %pushi/vec4 3548670211, 0, 33;
    %concati/vec4 777196426, 0, 31;
    %ix/load 4, 48, 0;
    %flag_set/imm 4, 0;
    %store/vec4a v00000185d273df90, 4, 0;
    %pushi/vec4 3518236973, 0, 33;
    %concati/vec4 793928603, 0, 31;
    %ix/load 4, 49, 0;
    %flag_set/imm 4, 0;
    %store/vec4a v00000185d273df90, 4, 0;
    %pushi/vec4 3487246679, 0, 33;
    %concati/vec4 38904747, 0, 31;
    %ix/load 4, 50, 0;
    %flag_set/imm 4, 0;
    %store/vec4a v00000185d273df90, 4, 0;
    %pushi/vec4 3455723904, 0, 33;
    %concati/vec4 626058171, 0, 31;
    %ix/load 4, 51, 0;
    %flag_set/imm 4, 0;
    %store/vec4a v00000185d273df90, 4, 0;
    %pushi/vec4 3423660457, 0, 33;
    %concati/vec4 391128011, 0, 31;
    %ix/load 4, 52, 0;
    %flag_set/imm 4, 0;
    %store/vec4a v00000185d273df90, 4, 0;
    %pushi/vec4 3391064529, 0, 33;
    %concati/vec4 1498375131, 0, 31;
    %ix/load 4, 53, 0;
    %flag_set/imm 4, 0;
    %store/vec4a v00000185d273df90, 4, 0;
    %pushi/vec4 3357944313, 0, 33;
    %concati/vec4 1749984235, 0, 31;
    %ix/load 4, 54, 0;
    %flag_set/imm 4, 0;
    %store/vec4a v00000185d273df90, 4, 0;
    %pushi/vec4 3324299809, 0, 33;
    %concati/vec4 1162728442, 0, 31;
    %ix/load 4, 55, 0;
    %flag_set/imm 4, 0;
    %store/vec4a v00000185d273df90, 4, 0;
    %pushi/vec4 3290139208, 0, 33;
    %concati/vec4 1850541066, 0, 31;
    %ix/load 4, 56, 0;
    %flag_set/imm 4, 0;
    %store/vec4a v00000185d273df90, 4, 0;
    %pushi/vec4 3255462511, 0, 33;
    %concati/vec4 1649161241, 0, 31;
    %ix/load 4, 57, 0;
    %flag_set/imm 4, 0;
    %store/vec4a v00000185d273df90, 4, 0;
    %pushi/vec4 3220286102, 0, 33;
    %concati/vec4 575366184, 0, 31;
    %ix/load 4, 58, 0;
    %flag_set/imm 4, 0;
    %store/vec4a v00000185d273df90, 4, 0;
    %pushi/vec4 3184609980, 0, 33;
    %concati/vec4 743085111, 0, 31;
    %ix/load 4, 59, 0;
    %flag_set/imm 4, 0;
    %store/vec4a v00000185d273df90, 4, 0;
    %pushi/vec4 3148434145, 0, 33;
    %concati/vec4 2118759494, 0, 31;
    %ix/load 4, 60, 0;
    %flag_set/imm 4, 0;
    %store/vec4a v00000185d273df90, 4, 0;
    %pushi/vec4 3111774983, 0, 33;
    %concati/vec4 440980565, 0, 31;
    %ix/load 4, 61, 0;
    %flag_set/imm 4, 0;
    %store/vec4a v00000185d273df90, 4, 0;
    %pushi/vec4 3074624299, 0, 33;
    %concati/vec4 2101867619, 0, 31;
    %ix/load 4, 62, 0;
    %flag_set/imm 4, 0;
    %store/vec4a v00000185d273df90, 4, 0;
    %pushi/vec4 3037006672, 0, 33;
    %concati/vec4 675746929, 0, 31;
    %ix/load 4, 63, 0;
    %flag_set/imm 4, 0;
    %store/vec4a v00000185d273df90, 4, 0;
    %end;
    .thread T_6;
    .scope S_00000185d26c6bd0;
T_7 ;
    %wait E_00000185d26eb980;
    %load/vec4 v00000185d273ccd0_0;
    %dup/vec4;
    %pushi/vec4 0, 0, 1;
    %cmp/u;
    %jmp/1 T_7.0, 6;
    %dup/vec4;
    %pushi/vec4 1, 0, 1;
    %cmp/u;
    %jmp/1 T_7.1, 6;
    %pushi/vec4 0, 0, 64;
    %store/vec4 v00000185d273d090_0, 0, 64;
    %jmp T_7.3;
T_7.0 ;
    %load/vec4 v00000185d273cff0_0;
    %pad/u 6;
    %ix/vec4 4;
    %load/vec4a v00000185d273dd10, 4;
    %store/vec4 v00000185d273d090_0, 0, 64;
    %jmp T_7.3;
T_7.1 ;
    %load/vec4 v00000185d273d590_0;
    %pad/u 8;
    %ix/vec4 4;
    %load/vec4a v00000185d273df90, 4;
    %store/vec4 v00000185d273d090_0, 0, 64;
    %jmp T_7.3;
T_7.3 ;
    %pop/vec4 1;
    %jmp T_7;
    .thread T_7, $push;
    .scope S_00000185d268dbe0;
T_8 ;
    %wait E_00000185d26ebd40;
    %load/vec4 v00000185d2758df0_0;
    %flag_set/vec4 8;
    %jmp/0xz  T_8.0, 8;
    %pushi/vec4 0, 0, 20;
    %assign/vec4 v00000185d27583f0_0, 0;
    %pushi/vec4 0, 0, 20;
    %assign/vec4 v00000185d2757c70_0, 0;
    %pushi/vec4 0, 0, 20;
    %assign/vec4 v00000185d2758d50_0, 0;
    %pushi/vec4 0, 0, 20;
    %assign/vec4 v00000185d27573b0_0, 0;
    %pushi/vec4 0, 0, 20;
    %assign/vec4 v00000185d2757e50_0, 0;
    %pushi/vec4 0, 0, 20;
    %assign/vec4 v00000185d2758e90_0, 0;
    %pushi/vec4 0, 0, 20;
    %assign/vec4 v00000185d2757ef0_0, 0;
    %pushi/vec4 0, 0, 20;
    %assign/vec4 v00000185d2758850_0, 0;
    %jmp T_8.1;
T_8.0 ;
    %load/vec4 v00000185d2758b70_0;
    %parti/s 1, 0, 2;
    %flag_set/vec4 8;
    %jmp/0xz  T_8.2, 8;
    %load/vec4 v00000185d2757450_0;
    %load/vec4 v00000185d2757310_0;
    %load/vec4 v00000185d2758350_0;
    %pad/s 20;
    %mul;
    %ix/load 4, 6, 0;
    %flag_set/imm 4, 0;
    %shiftr/s 4;
    %sub;
    %assign/vec4 v00000185d27583f0_0, 0;
    %load/vec4 v00000185d27571d0_0;
    %load/vec4 v00000185d2757f90_0;
    %load/vec4 v00000185d2758350_0;
    %pad/s 20;
    %mul;
    %ix/load 4, 6, 0;
    %flag_set/imm 4, 0;
    %shiftr/s 4;
    %add;
    %assign/vec4 v00000185d2757c70_0, 0;
    %jmp T_8.3;
T_8.2 ;
    %load/vec4 v00000185d2757310_0;
    %assign/vec4 v00000185d27583f0_0, 0;
    %load/vec4 v00000185d2757f90_0;
    %assign/vec4 v00000185d2757c70_0, 0;
T_8.3 ;
    %load/vec4 v00000185d2758b70_0;
    %parti/s 1, 1, 2;
    %flag_set/vec4 8;
    %jmp/0xz  T_8.4, 8;
    %load/vec4 v00000185d27583f0_0;
    %load/vec4 v00000185d2757310_0;
    %load/vec4 v00000185d2757b30_0;
    %pad/s 20;
    %mul;
    %ix/load 4, 9, 0;
    %flag_set/imm 4, 0;
    %shiftr/s 4;
    %sub;
    %assign/vec4 v00000185d2758d50_0, 0;
    %load/vec4 v00000185d2757c70_0;
    %load/vec4 v00000185d2757f90_0;
    %load/vec4 v00000185d2757b30_0;
    %pad/s 20;
    %mul;
    %ix/load 4, 9, 0;
    %flag_set/imm 4, 0;
    %shiftr/s 4;
    %add;
    %assign/vec4 v00000185d27573b0_0, 0;
    %jmp T_8.5;
T_8.4 ;
    %load/vec4 v00000185d27583f0_0;
    %assign/vec4 v00000185d2758d50_0, 0;
    %load/vec4 v00000185d2757c70_0;
    %assign/vec4 v00000185d27573b0_0, 0;
T_8.5 ;
    %load/vec4 v00000185d2758b70_0;
    %parti/s 1, 2, 3;
    %flag_set/vec4 8;
    %jmp/0xz  T_8.6, 8;
    %load/vec4 v00000185d2758d50_0;
    %load/vec4 v00000185d2757310_0;
    %load/vec4 v00000185d27576d0_0;
    %pad/s 20;
    %mul;
    %ix/load 4, 12, 0;
    %flag_set/imm 4, 0;
    %shiftr/s 4;
    %sub;
    %assign/vec4 v00000185d2757e50_0, 0;
    %load/vec4 v00000185d27573b0_0;
    %load/vec4 v00000185d2757f90_0;
    %load/vec4 v00000185d27576d0_0;
    %pad/s 20;
    %mul;
    %ix/load 4, 12, 0;
    %flag_set/imm 4, 0;
    %shiftr/s 4;
    %add;
    %assign/vec4 v00000185d2758e90_0, 0;
    %jmp T_8.7;
T_8.6 ;
    %load/vec4 v00000185d2758d50_0;
    %assign/vec4 v00000185d2757e50_0, 0;
    %load/vec4 v00000185d27573b0_0;
    %assign/vec4 v00000185d2758e90_0, 0;
T_8.7 ;
    %load/vec4 v00000185d2757e50_0;
    %assign/vec4 v00000185d2757ef0_0, 0;
    %load/vec4 v00000185d2758e90_0;
    %assign/vec4 v00000185d2758850_0, 0;
T_8.1 ;
    %jmp T_8;
    .thread T_8;
    .scope S_00000185d26bdf20;
T_9 ;
    %wait E_00000185d26ec0c0;
    %load/vec4 v00000185d273ca50_0;
    %dup/vec4;
    %pushi/vec4 0, 0, 3;
    %cmp/u;
    %jmp/1 T_9.0, 6;
    %dup/vec4;
    %pushi/vec4 1, 0, 3;
    %cmp/u;
    %jmp/1 T_9.1, 6;
    %dup/vec4;
    %pushi/vec4 2, 0, 3;
    %cmp/u;
    %jmp/1 T_9.2, 6;
    %dup/vec4;
    %pushi/vec4 3, 0, 3;
    %cmp/u;
    %jmp/1 T_9.3, 6;
    %dup/vec4;
    %pushi/vec4 4, 0, 3;
    %cmp/u;
    %jmp/1 T_9.4, 6;
    %dup/vec4;
    %pushi/vec4 5, 0, 3;
    %cmp/u;
    %jmp/1 T_9.5, 6;
    %dup/vec4;
    %pushi/vec4 6, 0, 3;
    %cmp/u;
    %jmp/1 T_9.6, 6;
    %dup/vec4;
    %pushi/vec4 7, 0, 3;
    %cmp/u;
    %jmp/1 T_9.7, 6;
    %pushi/vec4 0, 0, 20;
    %store/vec4 v00000185d273ce10_0, 0, 20;
    %pushi/vec4 0, 0, 20;
    %store/vec4 v00000185d26ddb70_0, 0, 20;
    %jmp T_9.9;
T_9.0 ;
    %load/vec4 v00000185d273d770_0;
    %pushi/vec4 0, 0, 1;
    %store/vec4 v00000185d26dd710_0, 0, 1;
    %store/vec4 v00000185d26dd7b0_0, 0, 19;
    %callf/vec4 TD_testbench.uut.AT_inst.make_signed, S_00000185d26be0b0;
    %store/vec4 v00000185d273ce10_0, 0, 20;
    %load/vec4 v00000185d273e530_0;
    %pushi/vec4 0, 0, 1;
    %store/vec4 v00000185d26dd710_0, 0, 1;
    %store/vec4 v00000185d26dd7b0_0, 0, 19;
    %callf/vec4 TD_testbench.uut.AT_inst.make_signed, S_00000185d26be0b0;
    %store/vec4 v00000185d26ddb70_0, 0, 20;
    %jmp T_9.9;
T_9.1 ;
    %load/vec4 v00000185d273e530_0;
    %pushi/vec4 0, 0, 1;
    %store/vec4 v00000185d26dd710_0, 0, 1;
    %store/vec4 v00000185d26dd7b0_0, 0, 19;
    %callf/vec4 TD_testbench.uut.AT_inst.make_signed, S_00000185d26be0b0;
    %store/vec4 v00000185d273ce10_0, 0, 20;
    %load/vec4 v00000185d273d770_0;
    %pushi/vec4 0, 0, 1;
    %store/vec4 v00000185d26dd710_0, 0, 1;
    %store/vec4 v00000185d26dd7b0_0, 0, 19;
    %callf/vec4 TD_testbench.uut.AT_inst.make_signed, S_00000185d26be0b0;
    %store/vec4 v00000185d26ddb70_0, 0, 20;
    %jmp T_9.9;
T_9.2 ;
    %load/vec4 v00000185d273e530_0;
    %pushi/vec4 0, 0, 1;
    %store/vec4 v00000185d26dd710_0, 0, 1;
    %store/vec4 v00000185d26dd7b0_0, 0, 19;
    %callf/vec4 TD_testbench.uut.AT_inst.make_signed, S_00000185d26be0b0;
    %store/vec4 v00000185d273ce10_0, 0, 20;
    %load/vec4 v00000185d273d770_0;
    %pushi/vec4 1, 0, 1;
    %store/vec4 v00000185d26dd710_0, 0, 1;
    %store/vec4 v00000185d26dd7b0_0, 0, 19;
    %callf/vec4 TD_testbench.uut.AT_inst.make_signed, S_00000185d26be0b0;
    %store/vec4 v00000185d26ddb70_0, 0, 20;
    %jmp T_9.9;
T_9.3 ;
    %load/vec4 v00000185d273d770_0;
    %pushi/vec4 0, 0, 1;
    %store/vec4 v00000185d26dd710_0, 0, 1;
    %store/vec4 v00000185d26dd7b0_0, 0, 19;
    %callf/vec4 TD_testbench.uut.AT_inst.make_signed, S_00000185d26be0b0;
    %store/vec4 v00000185d273ce10_0, 0, 20;
    %load/vec4 v00000185d273e530_0;
    %pushi/vec4 1, 0, 1;
    %store/vec4 v00000185d26dd710_0, 0, 1;
    %store/vec4 v00000185d26dd7b0_0, 0, 19;
    %callf/vec4 TD_testbench.uut.AT_inst.make_signed, S_00000185d26be0b0;
    %store/vec4 v00000185d26ddb70_0, 0, 20;
    %jmp T_9.9;
T_9.4 ;
    %load/vec4 v00000185d273d770_0;
    %pushi/vec4 1, 0, 1;
    %store/vec4 v00000185d26dd710_0, 0, 1;
    %store/vec4 v00000185d26dd7b0_0, 0, 19;
    %callf/vec4 TD_testbench.uut.AT_inst.make_signed, S_00000185d26be0b0;
    %store/vec4 v00000185d273ce10_0, 0, 20;
    %load/vec4 v00000185d273e530_0;
    %pushi/vec4 1, 0, 1;
    %store/vec4 v00000185d26dd710_0, 0, 1;
    %store/vec4 v00000185d26dd7b0_0, 0, 19;
    %callf/vec4 TD_testbench.uut.AT_inst.make_signed, S_00000185d26be0b0;
    %store/vec4 v00000185d26ddb70_0, 0, 20;
    %jmp T_9.9;
T_9.5 ;
    %load/vec4 v00000185d273e530_0;
    %pushi/vec4 1, 0, 1;
    %store/vec4 v00000185d26dd710_0, 0, 1;
    %store/vec4 v00000185d26dd7b0_0, 0, 19;
    %callf/vec4 TD_testbench.uut.AT_inst.make_signed, S_00000185d26be0b0;
    %store/vec4 v00000185d273ce10_0, 0, 20;
    %load/vec4 v00000185d273d770_0;
    %pushi/vec4 1, 0, 1;
    %store/vec4 v00000185d26dd710_0, 0, 1;
    %store/vec4 v00000185d26dd7b0_0, 0, 19;
    %callf/vec4 TD_testbench.uut.AT_inst.make_signed, S_00000185d26be0b0;
    %store/vec4 v00000185d26ddb70_0, 0, 20;
    %jmp T_9.9;
T_9.6 ;
    %load/vec4 v00000185d273e530_0;
    %pushi/vec4 1, 0, 1;
    %store/vec4 v00000185d26dd710_0, 0, 1;
    %store/vec4 v00000185d26dd7b0_0, 0, 19;
    %callf/vec4 TD_testbench.uut.AT_inst.make_signed, S_00000185d26be0b0;
    %store/vec4 v00000185d273ce10_0, 0, 20;
    %load/vec4 v00000185d273d770_0;
    %pushi/vec4 0, 0, 1;
    %store/vec4 v00000185d26dd710_0, 0, 1;
    %store/vec4 v00000185d26dd7b0_0, 0, 19;
    %callf/vec4 TD_testbench.uut.AT_inst.make_signed, S_00000185d26be0b0;
    %store/vec4 v00000185d26ddb70_0, 0, 20;
    %jmp T_9.9;
T_9.7 ;
    %load/vec4 v00000185d273d770_0;
    %pushi/vec4 1, 0, 1;
    %store/vec4 v00000185d26dd710_0, 0, 1;
    %store/vec4 v00000185d26dd7b0_0, 0, 19;
    %callf/vec4 TD_testbench.uut.AT_inst.make_signed, S_00000185d26be0b0;
    %store/vec4 v00000185d273ce10_0, 0, 20;
    %load/vec4 v00000185d273e530_0;
    %pushi/vec4 0, 0, 1;
    %store/vec4 v00000185d26dd710_0, 0, 1;
    %store/vec4 v00000185d26dd7b0_0, 0, 19;
    %callf/vec4 TD_testbench.uut.AT_inst.make_signed, S_00000185d26be0b0;
    %store/vec4 v00000185d26ddb70_0, 0, 20;
    %jmp T_9.9;
T_9.9 ;
    %pop/vec4 1;
    %jmp T_9;
    .thread T_9, $push;
    .scope S_00000185d2688fd0;
T_10 ;
    %pushi/vec4 0, 0, 1;
    %store/vec4 v00000185d27578b0_0, 0, 1;
T_10.0 ;
    %delay 625, 0;
    %load/vec4 v00000185d27578b0_0;
    %inv;
    %store/vec4 v00000185d27578b0_0, 0, 1;
    %jmp T_10.0;
    %end;
    .thread T_10;
    .scope S_00000185d2688fd0;
T_11 ;
    %pushi/vec4 1, 0, 1;
    %store/vec4 v00000185d275bb50_0, 0, 1;
    %pushi/vec4 3, 0, 2;
    %store/vec4 v00000185d275b970_0, 0, 2;
    %pushi/vec4 305419896, 0, 32;
    %store/vec4 v00000185d2758710_0, 0, 32;
    %vpi_func 2 35 "$fopen" 32, "output.txt", "w" {0 0 0};
    %store/vec4 v00000185d275bc90_0, 0, 32;
    %delay 1250, 0;
    %pushi/vec4 0, 0, 1;
    %store/vec4 v00000185d275bb50_0, 0, 1;
    %delay 125000, 0;
    %vpi_call 2 45 "$fclose", v00000185d275bc90_0 {0 0 0};
    %vpi_call 2 46 "$finish" {0 0 0};
    %end;
    .thread T_11;
    .scope S_00000185d2688fd0;
T_12 ;
    %wait E_00000185d26ebd40;
    %vpi_call 2 51 "$display", "%0t ps: sin=%b, cos=%b", $time, v00000185d275be70_0, v00000185d275b470_0 {0 0 0};
    %vpi_call 2 52 "$fdisplay", v00000185d275bc90_0, "%0t, %b, %b", $time, v00000185d275be70_0, v00000185d275b470_0 {0 0 0};
    %jmp T_12;
    .thread T_12;
# The file index is used to find the file name in the following table.
:file_names 10;
    "N/A";
    "<interactive>";
    "top_tb.v";
    "top.v";
    "at.v";
    "conf.v";
    "lut.v";
    "PA_16bit.v";
    "PT_transformed.v";
    "rot_new.v";
